0 info it worked if it ends with ok
1 verbose cli [ 'C:\\Users\\001408945\\Desktop\\NodeJSPortable\\App\\NodeJS\\node.exe',
1 verbose cli   'C:\\Users\\001408945\\Desktop\\NodeJSPortable\\Data\\node_modules\\npm\\bin\\npm-cli.js',
1 verbose cli   'run',
1 verbose cli   'dev' ]
2 info using npm@3.5.3
3 info using node@v5.7.0
4 verbose run-script [ 'predev', 'dev', 'postdev' ]
5 info lifecycle lab4@0.0.0~predev: lab4@0.0.0
6 silly lifecycle lab4@0.0.0~predev: no script for predev, continuing
7 info lifecycle lab4@0.0.0~dev: lab4@0.0.0
8 verbose lifecycle lab4@0.0.0~dev: unsafe-perm in lifecycle true
9 verbose lifecycle lab4@0.0.0~dev: PATH: C:\Users\001408945\Desktop\NodeJSPortable\Data\node_modules\npm\bin\node-gyp-bin;C:\Users\001408945\Desktop\NodeDevKit\AdvWebDevFall2017\public_html\week4\lab4\node_modules\.bin;C:\Users\001408945\Desktop\NodeJSPortable\App\NodeJS;C:\Users\001408945\Desktop\NodeJSPortable\Data;C:\Program Files\Python36\Scripts\;C:\Program Files\Python36\;C:\Program Files (x86)\ActiveState Komodo Edit 9 nightly\;C:\Program Files (x86)\Microsoft DirectX SDK (March 2008)\Utilities\Bin\x86;C:\Program Files (x86)\Microsoft DirectX SDK (August 2007)\Utilities\Bin\x86;C:\Program Files (x86)\Pervasive Software\PSQL\bin\;C:\ProgramData\Oracle\Java\javapath;C:\Windows\system32;C:\Windows;C:\Windows\System32\Wbem;C:\Windows\System32\WindowsPowerShell\v1.0\;C:\Program Files (x86)\QuickTime\QTSystem\;c:\Program Files (x86)\Microsoft SQL Server\100\Tools\Binn\;c:\Program Files\Microsoft SQL Server\100\Tools\Binn\;c:\Program Files\Microsoft SQL Server\100\DTS\Binn\;C:\Program Files\Microsoft SQL Server\110\DTS\Binn\;C:\Program Files (x86)\Microsoft SQL Server\110\Tools\Binn\ManagementStudio\;C:\Program Files (x86)\Microsoft SQL Server\110\Tools\Binn\;C:\Program Files\Microsoft SQL Server\110\Tools\Binn\;C:\Program Files (x86)\Microsoft Visual Studio 10.0\Common7\IDE\PrivateAssemblies\;C:\Program Files (x86)\Microsoft SQL Server\110\DTS\Binn\;C:\Program Files\Microsoft\Web Platform Installer\;C:\Program Files (x86)\Microsoft ASP.NET\ASP.NET Web Pages\v1.0\;C:\Program Files (x86)\Microsoft SQL Server\90\Tools\binn\;C:\Program Files (x86)\GitExtensions\;C:\Program Files\Perforce;C:\Program Files\Common Files\Autodesk Shared\;C:\Program Files (x86)\Windows Kits\8.1\Windows Performance Toolkit\;C:\Program Files (x86)\Autodesk\Backburner\;C:\Program Files\Microsoft SQL Server\120\DTS\Binn\;C:\Program Files\Microsoft SQL Server\Client SDK\ODBC\110\Tools\Binn\;C:\Program Files (x86)\Microsoft SQL Server\120\Tools\Binn\ManagementStudio\;C:\Program Files (x86)\Microsoft SQL Server\120\Tools\Binn\;C:\Program Files\Microsoft SQL Server\120\Tools\Binn\;C:\Program Files (x86)\Microsoft SQL Server\120\DTS\Binn\;C:\Program Files (x86)\Common Files\Intuit\QBPOSSDKRuntime;C:\Program Files\Microsoft SQL Server\130\Tools\Binn\;C:\Program Files\Git\cmd;C:\Program Files (x86)\GtkSharp\2.12\bin;C:\Program Files (x86)\Skype\Phone\;C:\Program Files\dotnet\
10 verbose lifecycle lab4@0.0.0~dev: CWD: C:\Users\001408945\Desktop\NodeDevKit\AdvWebDevFall2017\public_html\week4\lab4
11 silly lifecycle lab4@0.0.0~dev: Args: [ '/d /s /c', 'SET DEBUG=folder-name:* & nodemon ./bin/www' ]
12 silly lifecycle lab4@0.0.0~dev: Returned: code: 1  signal: null
13 info lifecycle lab4@0.0.0~dev: Failed to exec dev script
14 verbose stack Error: lab4@0.0.0 dev: `SET DEBUG=folder-name:* & nodemon ./bin/www`
14 verbose stack Exit status 1
14 verbose stack     at EventEmitter.<anonymous> (C:\Users\001408945\Desktop\NodeJSPortable\Data\node_modules\npm\lib\utils\lifecycle.js:232:16)
14 verbose stack     at emitTwo (events.js:100:13)
14 verbose stack     at EventEmitter.emit (events.js:185:7)
14 verbose stack     at ChildProcess.<anonymous> (C:\Users\001408945\Desktop\NodeJSPortable\Data\node_modules\npm\lib\utils\spawn.js:24:14)
14 verbose stack     at emitTwo (events.js:100:13)
14 verbose stack     at ChildProcess.emit (events.js:185:7)
14 verbose stack     at maybeClose (internal/child_process.js:827:16)
14 verbose stack     at Process.ChildProcess._handle.onexit (internal/child_process.js:211:5)
15 verbose pkgid lab4@0.0.0
16 verbose cwd C:\Users\001408945\Desktop\NodeDevKit\AdvWebDevFall2017\public_html\week4\lab4
17 error Windows_NT 6.1.7601
18 error argv "C:\\Users\\001408945\\Desktop\\NodeJSPortable\\App\\NodeJS\\node.exe" "C:\\Users\\001408945\\Desktop\\NodeJSPortable\\Data\\node_modules\\npm\\bin\\npm-cli.js" "run" "dev"
19 error node v5.7.0
20 error npm  v3.5.3
21 error code ELIFECYCLE
22 error lab4@0.0.0 dev: `SET DEBUG=folder-name:* & nodemon ./bin/www`
22 error Exit status 1
23 error Failed at the lab4@0.0.0 dev script 'SET DEBUG=folder-name:* & nodemon ./bin/www'.
23 error Make sure you have the latest version of node.js and npm installed.
23 error If you do, this is most likely a problem with the lab4 package,
23 error not with npm itself.
23 error Tell the author that this fails on your system:
23 error     SET DEBUG=folder-name:* & nodemon ./bin/www
23 error You can get information on how to open an issue for this project with:
23 error     npm bugs lab4
23 error Or if that isn't available, you can get their info via:
23 error     npm owner ls lab4
23 error There is likely additional logging output above.
24 verbose exit [ 1, true ]
