0 info it worked if it ends with ok
1 verbose cli [ 'C:\\Users\\001408945\\Desktop\\NodeDevKit\\NodeJSPortable\\App\\NodeJS\\node.exe',
1 verbose cli   'C:\\Users\\001408945\\Desktop\\NodeDevKit\\NodeJSPortable\\Data\\node_modules\\npm\\bin\\npm-cli.js',
1 verbose cli   'run',
1 verbose cli   'dev' ]
2 info using npm@3.5.3
3 info using node@v5.7.0
4 verbose stack Error: ENOENT: no such file or directory, open 'C:\Users\001408945\Desktop\NodeDevKit\AdvWebDevFall2017\public_html\week3\package.json'
4 verbose stack     at Error (native)
5 verbose cwd C:\Users\001408945\Desktop\NodeDevKit\AdvWebDevFall2017\public_html\week3
6 error Windows_NT 6.1.7601
7 error argv "C:\\Users\\001408945\\Desktop\\NodeDevKit\\NodeJSPortable\\App\\NodeJS\\node.exe" "C:\\Users\\001408945\\Desktop\\NodeDevKit\\NodeJSPortable\\Data\\node_modules\\npm\\bin\\npm-cli.js" "run" "dev"
8 error node v5.7.0
9 error npm  v3.5.3
10 error path C:\Users\001408945\Desktop\NodeDevKit\AdvWebDevFall2017\public_html\week3\package.json
11 error code ENOENT
12 error errno -4058
13 error syscall open
14 error enoent ENOENT: no such file or directory, open 'C:\Users\001408945\Desktop\NodeDevKit\AdvWebDevFall2017\public_html\week3\package.json'
15 error enoent ENOENT: no such file or directory, open 'C:\Users\001408945\Desktop\NodeDevKit\AdvWebDevFall2017\public_html\week3\package.json'
15 error enoent This is most likely not a problem with npm itself
15 error enoent and is related to npm not being able to find a file.
16 verbose exit [ -4058, true ]
